{"total": {"lines":{"total":11,"covered":4,"skipped":0,"pct":36.36},"statements":{"total":11,"covered":4,"skipped":0,"pct":36.36},"functions":{"total":2,"covered":1,"skipped":0,"pct":50},"branches":{"total":2,"covered":1,"skipped":0,"pct":50},"branchesTrue":{"total":0,"covered":0,"skipped":0,"pct":"Unknown"}}
,"/Users/appsr/Desktop/勉強用Projects/netflix-clone/src/App.tsx": {"lines":{"total":4,"covered":4,"skipped":0,"pct":100},"functions":{"total":1,"covered":1,"skipped":0,"pct":100},"statements":{"total":4,"covered":4,"skipped":0,"pct":100},"branches":{"total":1,"covered":1,"skipped":0,"pct":100}}
,"/Users/appsr/Desktop/勉強用Projects/netflix-clone/src/main.tsx": {"lines":{"total":7,"covered":0,"skipped":0,"pct":0},"functions":{"total":1,"covered":0,"skipped":0,"pct":0},"statements":{"total":7,"covered":0,"skipped":0,"pct":0},"branches":{"total":1,"covered":0,"skipped":0,"pct":0}}
}
